================================================================================
HPLinpack 2.3  --  High-Performance Linpack benchmark  --   December 2, 2018
Written by A. Petitet and R. Clint Whaley,  Innovative Computing Laboratory, UTK
Modified by Piotr Luszczek, Innovative Computing Laboratory, UTK
Modified by Julien Langou, University of Colorado Denver
================================================================================

An explanation of the input/output parameters follows:
T/V    : Wall time / encoded variant.
N      : The order of the coefficient matrix A.
NB     : The partitioning blocking factor.
P      : The number of process rows.
Q      : The number of process columns.
Time   : Time in seconds to solve the linear system.
Gflops : Rate of execution for solving the linear system.

The following parameter values will be used:

N      :      64 
NB     :     256 
PMAP   : Row-major process mapping
P      :       2        1        1        2        4        1        1        2 
Q      :       4        4        1        1        2        3        5        3 
PFACT  :    Left    Crout    Right 
NBMIN  :       2        4 
NDIV   :       2 
RFACT  :    Left    Crout    Right 
BCAST  :   1ring 
DEPTH  :       0 
SWAP   : Mix (threshold = 64)
L1     : transposed form
U      : transposed form
EQUIL  : yes
ALIGN  : 8 double precision words

--------------------------------------------------------------------------------

- The matrix A is randomly generated for each test.
- The following scaled residual check will be computed:
      ||Ax-b||_oo / ( eps * ( || x ||_oo * || A ||_oo + || b ||_oo ) * N )
- The relative machine precision (eps) is taken to be               1.110223e-16
- Computational tests pass if scaled residuals are less than                16.0

================================================================================
T/V                N    NB     P     Q               Time                 Gflops
--------------------------------------------------------------------------------
WR00L2L2          64   256     2     4               0.08             2.2035e-03
HPL_pdgesv() start time Tue Dec 20 23:40:52 2022

HPL_pdgesv() end time   Tue Dec 20 23:40:53 2022

--------------------------------------------------------------------------------
||Ax-b||_oo/(eps*(||A||_oo*||x||_oo+||b||_oo)*N)=   2.00817807e-02 ...... PASSED
================================================================================
T/V                N    NB     P     Q               Time                 Gflops
--------------------------------------------------------------------------------
WR00L2L4          64   256     2     4               0.13             1.3500e-03
HPL_pdgesv() start time Tue Dec 20 23:40:53 2022

HPL_pdgesv() end time   Tue Dec 20 23:40:53 2022

--------------------------------------------------------------------------------
||Ax-b||_oo/(eps*(||A||_oo*||x||_oo+||b||_oo)*N)=   1.88091860e-02 ...... PASSED
================================================================================
T/V                N    NB     P     Q               Time                 Gflops
--------------------------------------------------------------------------------
WR00L2C2          64   256     2     4               0.09             2.0887e-03
HPL_pdgesv() start time Tue Dec 20 23:40:53 2022

HPL_pdgesv() end time   Tue Dec 20 23:40:53 2022

--------------------------------------------------------------------------------
||Ax-b||_oo/(eps*(||A||_oo*||x||_oo+||b||_oo)*N)=   2.00817807e-02 ...... PASSED
================================================================================
T/V                N    NB     P     Q               Time                 Gflops
--------------------------------------------------------------------------------
WR00L2C4          64   256     2     4               0.08             2.1471e-03
HPL_pdgesv() start time Tue Dec 20 23:40:53 2022

HPL_pdgesv() end time   Tue Dec 20 23:40:53 2022

--------------------------------------------------------------------------------
||Ax-b||_oo/(eps*(||A||_oo*||x||_oo+||b||_oo)*N)=   1.59433639e-02 ...... PASSED
================================================================================
T/V                N    NB     P     Q               Time                 Gflops
--------------------------------------------------------------------------------
WR00L2R2          64   256     2     4               0.05             3.7276e-03
HPL_pdgesv() start time Tue Dec 20 23:40:53 2022

HPL_pdgesv() end time   Tue Dec 20 23:40:53 2022

--------------------------------------------------------------------------------
||Ax-b||_oo/(eps*(||A||_oo*||x||_oo+||b||_oo)*N)=   2.00817807e-02 ...... PASSED
================================================================================
T/V                N    NB     P     Q               Time                 Gflops
--------------------------------------------------------------------------------
WR00L2R4          64   256     2     4               0.10             1.8032e-03
HPL_pdgesv() start time Tue Dec 20 23:40:53 2022

HPL_pdgesv() end time   Tue Dec 20 23:40:53 2022

--------------------------------------------------------------------------------
||Ax-b||_oo/(eps*(||A||_oo*||x||_oo+||b||_oo)*N)=   1.59433639e-02 ...... PASSED
================================================================================
T/V                N    NB     P     Q               Time                 Gflops
--------------------------------------------------------------------------------
WR00C2L2          64   256     2     4               0.07             2.5414e-03
HPL_pdgesv() start time Tue Dec 20 23:40:53 2022

HPL_pdgesv() end time   Tue Dec 20 23:40:53 2022

--------------------------------------------------------------------------------
||Ax-b||_oo/(eps*(||A||_oo*||x||_oo+||b||_oo)*N)=   2.00817807e-02 ...... PASSED
================================================================================
T/V                N    NB     P     Q               Time                 Gflops
--------------------------------------------------------------------------------
WR00C2L4          64   256     2     4               0.17             1.0758e-03
HPL_pdgesv() start time Tue Dec 20 23:40:54 2022

HPL_pdgesv() end time   Tue Dec 20 23:40:54 2022

--------------------------------------------------------------------------------
||Ax-b||_oo/(eps*(||A||_oo*||x||_oo+||b||_oo)*N)=   1.88091860e-02 ...... PASSED
================================================================================
T/V                N    NB     P     Q               Time                 Gflops
--------------------------------------------------------------------------------
WR00C2C2          64   256     2     4               0.22             8.2852e-04
HPL_pdgesv() start time Tue Dec 20 23:40:54 2022

HPL_pdgesv() end time   Tue Dec 20 23:40:54 2022

--------------------------------------------------------------------------------
||Ax-b||_oo/(eps*(||A||_oo*||x||_oo+||b||_oo)*N)=   2.00817807e-02 ...... PASSED
================================================================================
T/V                N    NB     P     Q               Time                 Gflops
--------------------------------------------------------------------------------
WR00C2C4          64   256     2     4               0.10             1.8855e-03
HPL_pdgesv() start time Tue Dec 20 23:40:54 2022

HPL_pdgesv() end time   Tue Dec 20 23:40:54 2022

--------------------------------------------------------------------------------
||Ax-b||_oo/(eps*(||A||_oo*||x||_oo+||b||_oo)*N)=   1.59433639e-02 ...... PASSED
================================================================================
T/V                N    NB     P     Q               Time                 Gflops
--------------------------------------------------------------------------------
WR00C2R2          64   256     2     4               0.09             2.1089e-03
HPL_pdgesv() start time Tue Dec 20 23:40:54 2022

HPL_pdgesv() end time   Tue Dec 20 23:40:54 2022

--------------------------------------------------------------------------------
||Ax-b||_oo/(eps*(||A||_oo*||x||_oo+||b||_oo)*N)=   2.00817807e-02 ...... PASSED
================================================================================
T/V                N    NB     P     Q               Time                 Gflops
--------------------------------------------------------------------------------
WR00C2R4          64   256     2     4               0.06             2.8189e-03
HPL_pdgesv() start time Tue Dec 20 23:40:54 2022

HPL_pdgesv() end time   Tue Dec 20 23:40:54 2022

--------------------------------------------------------------------------------
||Ax-b||_oo/(eps*(||A||_oo*||x||_oo+||b||_oo)*N)=   1.59433639e-02 ...... PASSED
================================================================================
T/V                N    NB     P     Q               Time                 Gflops
--------------------------------------------------------------------------------
WR00R2L2          64   256     2     4               0.09             2.0249e-03
HPL_pdgesv() start time Tue Dec 20 23:40:55 2022

HPL_pdgesv() end time   Tue Dec 20 23:40:55 2022

--------------------------------------------------------------------------------
||Ax-b||_oo/(eps*(||A||_oo*||x||_oo+||b||_oo)*N)=   2.00817807e-02 ...... PASSED
================================================================================
T/V                N    NB     P     Q               Time                 Gflops
--------------------------------------------------------------------------------
WR00R2L4          64   256     2     4               0.05             3.4772e-03
HPL_pdgesv() start time Tue Dec 20 23:40:55 2022

HPL_pdgesv() end time   Tue Dec 20 23:40:55 2022

--------------------------------------------------------------------------------
||Ax-b||_oo/(eps*(||A||_oo*||x||_oo+||b||_oo)*N)=   1.88091860e-02 ...... PASSED
================================================================================
T/V                N    NB     P     Q               Time                 Gflops
--------------------------------------------------------------------------------
WR00R2C2          64   256     2     4               0.12             1.4750e-03
HPL_pdgesv() start time Tue Dec 20 23:40:55 2022

HPL_pdgesv() end time   Tue Dec 20 23:40:55 2022

--------------------------------------------------------------------------------
||Ax-b||_oo/(eps*(||A||_oo*||x||_oo+||b||_oo)*N)=   2.00817807e-02 ...... PASSED
================================================================================
T/V                N    NB     P     Q               Time                 Gflops
--------------------------------------------------------------------------------
WR00R2C4          64   256     2     4               0.17             1.0754e-03
HPL_pdgesv() start time Tue Dec 20 23:40:55 2022

HPL_pdgesv() end time   Tue Dec 20 23:40:55 2022

--------------------------------------------------------------------------------
||Ax-b||_oo/(eps*(||A||_oo*||x||_oo+||b||_oo)*N)=   1.59433639e-02 ...... PASSED
================================================================================
T/V                N    NB     P     Q               Time                 Gflops
--------------------------------------------------------------------------------
WR00R2R2          64   256     2     4               0.07             2.6250e-03
HPL_pdgesv() start time Tue Dec 20 23:40:55 2022

HPL_pdgesv() end time   Tue Dec 20 23:40:55 2022

--------------------------------------------------------------------------------
||Ax-b||_oo/(eps*(||A||_oo*||x||_oo+||b||_oo)*N)=   2.00817807e-02 ...... PASSED
================================================================================
T/V                N    NB     P     Q               Time                 Gflops
--------------------------------------------------------------------------------
WR00R2R4          64   256     2     4               0.05             3.4416e-03
HPL_pdgesv() start time Tue Dec 20 23:40:55 2022

HPL_pdgesv() end time   Tue Dec 20 23:40:55 2022

--------------------------------------------------------------------------------
||Ax-b||_oo/(eps*(||A||_oo*||x||_oo+||b||_oo)*N)=   1.59433639e-02 ...... PASSED
================================================================================
T/V                N    NB     P     Q               Time                 Gflops
--------------------------------------------------------------------------------
WR00L2L2          64   256     1     4               0.01             1.3072e-02
HPL_pdgesv() start time Tue Dec 20 23:40:56 2022

HPL_pdgesv() end time   Tue Dec 20 23:40:56 2022

--------------------------------------------------------------------------------
||Ax-b||_oo/(eps*(||A||_oo*||x||_oo+||b||_oo)*N)=   2.00817807e-02 ...... PASSED
================================================================================
T/V                N    NB     P     Q               Time                 Gflops
--------------------------------------------------------------------------------
WR00L2L4          64   256     1     4               0.00             4.5362e-02
HPL_pdgesv() start time Tue Dec 20 23:40:56 2022

HPL_pdgesv() end time   Tue Dec 20 23:40:56 2022

--------------------------------------------------------------------------------
||Ax-b||_oo/(eps*(||A||_oo*||x||_oo+||b||_oo)*N)=   1.88091860e-02 ...... PASSED
================================================================================
T/V                N    NB     P     Q               Time                 Gflops
--------------------------------------------------------------------------------
WR00L2C2          64   256     1     4               0.02             7.5594e-03
HPL_pdgesv() start time Tue Dec 20 23:40:56 2022

HPL_pdgesv() end time   Tue Dec 20 23:40:56 2022

--------------------------------------------------------------------------------
||Ax-b||_oo/(eps*(||A||_oo*||x||_oo+||b||_oo)*N)=   2.00817807e-02 ...... PASSED
================================================================================
T/V                N    NB     P     Q               Time                 Gflops
--------------------------------------------------------------------------------
WR00L2C4          64   256     1     4               0.03             6.5760e-03
HPL_pdgesv() start time Tue Dec 20 23:40:56 2022

HPL_pdgesv() end time   Tue Dec 20 23:40:56 2022

--------------------------------------------------------------------------------
||Ax-b||_oo/(eps*(||A||_oo*||x||_oo+||b||_oo)*N)=   1.59433639e-02 ...... PASSED
================================================================================
T/V                N    NB     P     Q               Time                 Gflops
--------------------------------------------------------------------------------
WR00L2R2          64   256     1     4               0.00             5.9168e-02
HPL_pdgesv() start time Tue Dec 20 23:40:56 2022

HPL_pdgesv() end time   Tue Dec 20 23:40:56 2022

--------------------------------------------------------------------------------
||Ax-b||_oo/(eps*(||A||_oo*||x||_oo+||b||_oo)*N)=   2.00817807e-02 ...... PASSED
================================================================================
T/V                N    NB     P     Q               Time                 Gflops
--------------------------------------------------------------------------------
WR00L2R4          64   256     1     4               0.00             6.6193e-02
HPL_pdgesv() start time Tue Dec 20 23:40:56 2022

HPL_pdgesv() end time   Tue Dec 20 23:40:56 2022

--------------------------------------------------------------------------------
||Ax-b||_oo/(eps*(||A||_oo*||x||_oo+||b||_oo)*N)=   1.59433639e-02 ...... PASSED
================================================================================
T/V                N    NB     P     Q               Time                 Gflops
--------------------------------------------------------------------------------
WR00C2L2          64   256     1     4               0.00             4.6692e-02
HPL_pdgesv() start time Tue Dec 20 23:40:56 2022

HPL_pdgesv() end time   Tue Dec 20 23:40:56 2022

--------------------------------------------------------------------------------
||Ax-b||_oo/(eps*(||A||_oo*||x||_oo+||b||_oo)*N)=   2.00817807e-02 ...... PASSED
================================================================================
T/V                N    NB     P     Q               Time                 Gflops
--------------------------------------------------------------------------------
WR00C2L4          64   256     1     4               0.00             4.4416e-02
HPL_pdgesv() start time Tue Dec 20 23:40:56 2022

HPL_pdgesv() end time   Tue Dec 20 23:40:56 2022

--------------------------------------------------------------------------------
||Ax-b||_oo/(eps*(||A||_oo*||x||_oo+||b||_oo)*N)=   1.88091860e-02 ...... PASSED
================================================================================
T/V                N    NB     P     Q               Time                 Gflops
--------------------------------------------------------------------------------
WR00C2C2          64   256     1     4               0.01             1.5671e-02
HPL_pdgesv() start time Tue Dec 20 23:40:56 2022

HPL_pdgesv() end time   Tue Dec 20 23:40:56 2022

--------------------------------------------------------------------------------
||Ax-b||_oo/(eps*(||A||_oo*||x||_oo+||b||_oo)*N)=   2.00817807e-02 ...... PASSED
================================================================================
T/V                N    NB     P     Q               Time                 Gflops
--------------------------------------------------------------------------------
WR00C2C4          64   256     1     4               0.04             4.3257e-03
HPL_pdgesv() start time Tue Dec 20 23:40:56 2022

HPL_pdgesv() end time   Tue Dec 20 23:40:56 2022

--------------------------------------------------------------------------------
||Ax-b||_oo/(eps*(||A||_oo*||x||_oo+||b||_oo)*N)=   1.59433639e-02 ...... PASSED
================================================================================
T/V                N    NB     P     Q               Time                 Gflops
--------------------------------------------------------------------------------
WR00C2R2          64   256     1     4               0.02             7.9945e-03
HPL_pdgesv() start time Tue Dec 20 23:40:56 2022

HPL_pdgesv() end time   Tue Dec 20 23:40:56 2022

--------------------------------------------------------------------------------
||Ax-b||_oo/(eps*(||A||_oo*||x||_oo+||b||_oo)*N)=   2.00817807e-02 ...... PASSED
================================================================================
T/V                N    NB     P     Q               Time                 Gflops
--------------------------------------------------------------------------------
WR00C2R4          64   256     1     4               0.02             7.8785e-03
HPL_pdgesv() start time Tue Dec 20 23:40:57 2022

HPL_pdgesv() end time   Tue Dec 20 23:40:57 2022

--------------------------------------------------------------------------------
||Ax-b||_oo/(eps*(||A||_oo*||x||_oo+||b||_oo)*N)=   1.59433639e-02 ...... PASSED
================================================================================
T/V                N    NB     P     Q               Time                 Gflops
--------------------------------------------------------------------------------
WR00R2L2          64   256     1     4               0.00             7.1086e-02
HPL_pdgesv() start time Tue Dec 20 23:40:57 2022

HPL_pdgesv() end time   Tue Dec 20 23:40:57 2022

--------------------------------------------------------------------------------
||Ax-b||_oo/(eps*(||A||_oo*||x||_oo+||b||_oo)*N)=   2.00817807e-02 ...... PASSED
================================================================================
T/V                N    NB     P     Q               Time                 Gflops
--------------------------------------------------------------------------------
WR00R2L4          64   256     1     4               0.00             5.8132e-02
HPL_pdgesv() start time Tue Dec 20 23:40:57 2022

HPL_pdgesv() end time   Tue Dec 20 23:40:57 2022

--------------------------------------------------------------------------------
||Ax-b||_oo/(eps*(||A||_oo*||x||_oo+||b||_oo)*N)=   1.88091860e-02 ...... PASSED
================================================================================
T/V                N    NB     P     Q               Time                 Gflops
--------------------------------------------------------------------------------
WR00R2C2          64   256     1     4               0.00             7.4675e-02
HPL_pdgesv() start time Tue Dec 20 23:40:57 2022

HPL_pdgesv() end time   Tue Dec 20 23:40:57 2022

--------------------------------------------------------------------------------
||Ax-b||_oo/(eps*(||A||_oo*||x||_oo+||b||_oo)*N)=   2.00817807e-02 ...... PASSED
================================================================================
T/V                N    NB     P     Q               Time                 Gflops
--------------------------------------------------------------------------------
WR00R2C4          64   256     1     4               0.00             6.9579e-02
HPL_pdgesv() start time Tue Dec 20 23:40:57 2022

HPL_pdgesv() end time   Tue Dec 20 23:40:57 2022

--------------------------------------------------------------------------------
||Ax-b||_oo/(eps*(||A||_oo*||x||_oo+||b||_oo)*N)=   1.59433639e-02 ...... PASSED
================================================================================
T/V                N    NB     P     Q               Time                 Gflops
--------------------------------------------------------------------------------
WR00R2R2          64   256     1     4               0.00             8.3417e-02
HPL_pdgesv() start time Tue Dec 20 23:40:57 2022

HPL_pdgesv() end time   Tue Dec 20 23:40:57 2022

--------------------------------------------------------------------------------
||Ax-b||_oo/(eps*(||A||_oo*||x||_oo+||b||_oo)*N)=   2.00817807e-02 ...... PASSED
================================================================================
T/V                N    NB     P     Q               Time                 Gflops
--------------------------------------------------------------------------------
WR00R2R4          64   256     1     4               0.00             7.7913e-02
HPL_pdgesv() start time Tue Dec 20 23:40:57 2022

HPL_pdgesv() end time   Tue Dec 20 23:40:57 2022

--------------------------------------------------------------------------------
||Ax-b||_oo/(eps*(||A||_oo*||x||_oo+||b||_oo)*N)=   1.59433639e-02 ...... PASSED
================================================================================
T/V                N    NB     P     Q               Time                 Gflops
--------------------------------------------------------------------------------
WR00L2L2          64   256     1     1               0.00             9.2394e-02
HPL_pdgesv() start time Tue Dec 20 23:40:57 2022

HPL_pdgesv() end time   Tue Dec 20 23:40:57 2022

--------------------------------------------------------------------------------
||Ax-b||_oo/(eps*(||A||_oo*||x||_oo+||b||_oo)*N)=   2.00817807e-02 ...... PASSED
================================================================================
T/V                N    NB     P     Q               Time                 Gflops
--------------------------------------------------------------------------------
WR00L2L4          64   256     1     1               0.00             1.3536e-01
HPL_pdgesv() start time Tue Dec 20 23:40:57 2022

HPL_pdgesv() end time   Tue Dec 20 23:40:57 2022

--------------------------------------------------------------------------------
||Ax-b||_oo/(eps*(||A||_oo*||x||_oo+||b||_oo)*N)=   1.88091860e-02 ...... PASSED
================================================================================
T/V                N    NB     P     Q               Time                 Gflops
--------------------------------------------------------------------------------
WR00L2C2          64   256     1     1               0.00             1.3465e-01
HPL_pdgesv() start time Tue Dec 20 23:40:57 2022

HPL_pdgesv() end time   Tue Dec 20 23:40:57 2022

--------------------------------------------------------------------------------
||Ax-b||_oo/(eps*(||A||_oo*||x||_oo+||b||_oo)*N)=   2.00817807e-02 ...... PASSED
================================================================================
T/V                N    NB     P     Q               Time                 Gflops
--------------------------------------------------------------------------------
WR00L2C4          64   256     1     1               0.00             1.3909e-01
HPL_pdgesv() start time Tue Dec 20 23:40:57 2022

HPL_pdgesv() end time   Tue Dec 20 23:40:57 2022

--------------------------------------------------------------------------------
||Ax-b||_oo/(eps*(||A||_oo*||x||_oo+||b||_oo)*N)=   1.59433639e-02 ...... PASSED
================================================================================
T/V                N    NB     P     Q               Time                 Gflops
--------------------------------------------------------------------------------
WR00L2R2          64   256     1     1               0.00             1.3351e-01
HPL_pdgesv() start time Tue Dec 20 23:40:57 2022

HPL_pdgesv() end time   Tue Dec 20 23:40:57 2022

--------------------------------------------------------------------------------
||Ax-b||_oo/(eps*(||A||_oo*||x||_oo+||b||_oo)*N)=   2.00817807e-02 ...... PASSED
================================================================================
T/V                N    NB     P     Q               Time                 Gflops
--------------------------------------------------------------------------------
WR00L2R4          64   256     1     1               0.00             1.4139e-01
HPL_pdgesv() start time Tue Dec 20 23:40:57 2022

HPL_pdgesv() end time   Tue Dec 20 23:40:57 2022

--------------------------------------------------------------------------------
||Ax-b||_oo/(eps*(||A||_oo*||x||_oo+||b||_oo)*N)=   1.59433639e-02 ...... PASSED
================================================================================
T/V                N    NB     P     Q               Time                 Gflops
--------------------------------------------------------------------------------
WR00C2L2          64   256     1     1               0.00             1.2056e-01
HPL_pdgesv() start time Tue Dec 20 23:40:57 2022

HPL_pdgesv() end time   Tue Dec 20 23:40:57 2022

--------------------------------------------------------------------------------
||Ax-b||_oo/(eps*(||A||_oo*||x||_oo+||b||_oo)*N)=   2.00817807e-02 ...... PASSED
================================================================================
T/V                N    NB     P     Q               Time                 Gflops
--------------------------------------------------------------------------------
WR00C2L4          64   256     1     1               0.00             1.3240e-01
HPL_pdgesv() start time Tue Dec 20 23:40:57 2022

HPL_pdgesv() end time   Tue Dec 20 23:40:57 2022

--------------------------------------------------------------------------------
||Ax-b||_oo/(eps*(||A||_oo*||x||_oo+||b||_oo)*N)=   1.88091860e-02 ...... PASSED
================================================================================
T/V                N    NB     P     Q               Time                 Gflops
--------------------------------------------------------------------------------
WR00C2C2          64   256     1     1               0.00             1.2925e-01
HPL_pdgesv() start time Tue Dec 20 23:40:57 2022

HPL_pdgesv() end time   Tue Dec 20 23:40:57 2022

--------------------------------------------------------------------------------
||Ax-b||_oo/(eps*(||A||_oo*||x||_oo+||b||_oo)*N)=   2.00817807e-02 ...... PASSED
================================================================================
T/V                N    NB     P     Q               Time                 Gflops
--------------------------------------------------------------------------------
WR00C2C4          64   256     1     1               0.00             8.3788e-02
HPL_pdgesv() start time Tue Dec 20 23:40:57 2022

HPL_pdgesv() end time   Tue Dec 20 23:40:57 2022

--------------------------------------------------------------------------------
||Ax-b||_oo/(eps*(||A||_oo*||x||_oo+||b||_oo)*N)=   1.59433639e-02 ...... PASSED
================================================================================
T/V                N    NB     P     Q               Time                 Gflops
--------------------------------------------------------------------------------
WR00C2R2          64   256     1     1               0.00             6.6174e-02
HPL_pdgesv() start time Tue Dec 20 23:40:57 2022

HPL_pdgesv() end time   Tue Dec 20 23:40:57 2022

--------------------------------------------------------------------------------
||Ax-b||_oo/(eps*(||A||_oo*||x||_oo+||b||_oo)*N)=   2.00817807e-02 ...... PASSED
================================================================================
T/V                N    NB     P     Q               Time                 Gflops
--------------------------------------------------------------------------------
WR00C2R4          64   256     1     1               0.00             6.9318e-02
HPL_pdgesv() start time Tue Dec 20 23:40:57 2022

HPL_pdgesv() end time   Tue Dec 20 23:40:57 2022

--------------------------------------------------------------------------------
||Ax-b||_oo/(eps*(||A||_oo*||x||_oo+||b||_oo)*N)=   1.59433639e-02 ...... PASSED
================================================================================
T/V                N    NB     P     Q               Time                 Gflops
--------------------------------------------------------------------------------
WR00R2L2          64   256     1     1               0.01             1.2192e-02
HPL_pdgesv() start time Tue Dec 20 23:40:57 2022

HPL_pdgesv() end time   Tue Dec 20 23:40:57 2022

--------------------------------------------------------------------------------
||Ax-b||_oo/(eps*(||A||_oo*||x||_oo+||b||_oo)*N)=   2.00817807e-02 ...... PASSED
================================================================================
T/V                N    NB     P     Q               Time                 Gflops
--------------------------------------------------------------------------------
WR00R2L4          64   256     1     1               0.00             6.7654e-02
HPL_pdgesv() start time Tue Dec 20 23:40:57 2022

HPL_pdgesv() end time   Tue Dec 20 23:40:57 2022

--------------------------------------------------------------------------------
||Ax-b||_oo/(eps*(||A||_oo*||x||_oo+||b||_oo)*N)=   1.88091860e-02 ...... PASSED
================================================================================
T/V                N    NB     P     Q               Time                 Gflops
--------------------------------------------------------------------------------
WR00R2C2          64   256     1     1               0.00             6.7162e-02
HPL_pdgesv() start time Tue Dec 20 23:40:57 2022

HPL_pdgesv() end time   Tue Dec 20 23:40:57 2022

--------------------------------------------------------------------------------
||Ax-b||_oo/(eps*(||A||_oo*||x||_oo+||b||_oo)*N)=   2.00817807e-02 ...... PASSED
================================================================================
T/V                N    NB     P     Q               Time                 Gflops
--------------------------------------------------------------------------------
WR00R2C4          64   256     1     1               0.01             1.2211e-02
HPL_pdgesv() start time Tue Dec 20 23:40:57 2022

HPL_pdgesv() end time   Tue Dec 20 23:40:57 2022

--------------------------------------------------------------------------------
||Ax-b||_oo/(eps*(||A||_oo*||x||_oo+||b||_oo)*N)=   1.59433639e-02 ...... PASSED
================================================================================
T/V                N    NB     P     Q               Time                 Gflops
--------------------------------------------------------------------------------
WR00R2R2          64   256     1     1               0.00             6.8411e-02
HPL_pdgesv() start time Tue Dec 20 23:40:57 2022

HPL_pdgesv() end time   Tue Dec 20 23:40:57 2022

--------------------------------------------------------------------------------
||Ax-b||_oo/(eps*(||A||_oo*||x||_oo+||b||_oo)*N)=   2.00817807e-02 ...... PASSED
================================================================================
T/V                N    NB     P     Q               Time                 Gflops
--------------------------------------------------------------------------------
WR00R2R4          64   256     1     1               0.00             7.2011e-02
HPL_pdgesv() start time Tue Dec 20 23:40:57 2022

HPL_pdgesv() end time   Tue Dec 20 23:40:57 2022

--------------------------------------------------------------------------------
||Ax-b||_oo/(eps*(||A||_oo*||x||_oo+||b||_oo)*N)=   1.59433639e-02 ...... PASSED
================================================================================
T/V                N    NB     P     Q               Time                 Gflops
--------------------------------------------------------------------------------
WR00L2L2          64   256     2     1               0.02             9.1415e-03
HPL_pdgesv() start time Tue Dec 20 23:40:57 2022

HPL_pdgesv() end time   Tue Dec 20 23:40:57 2022

--------------------------------------------------------------------------------
||Ax-b||_oo/(eps*(||A||_oo*||x||_oo+||b||_oo)*N)=   2.00817807e-02 ...... PASSED
================================================================================
T/V                N    NB     P     Q               Time                 Gflops
--------------------------------------------------------------------------------
WR00L2L4          64   256     2     1               0.04             4.5684e-03
HPL_pdgesv() start time Tue Dec 20 23:40:57 2022

HPL_pdgesv() end time   Tue Dec 20 23:40:57 2022

--------------------------------------------------------------------------------
||Ax-b||_oo/(eps*(||A||_oo*||x||_oo+||b||_oo)*N)=   1.88091860e-02 ...... PASSED
================================================================================
T/V                N    NB     P     Q               Time                 Gflops
--------------------------------------------------------------------------------
WR00L2C2          64   256     2     1               0.03             6.8347e-03
HPL_pdgesv() start time Tue Dec 20 23:40:57 2022

HPL_pdgesv() end time   Tue Dec 20 23:40:57 2022

--------------------------------------------------------------------------------
||Ax-b||_oo/(eps*(||A||_oo*||x||_oo+||b||_oo)*N)=   2.00817807e-02 ...... PASSED
================================================================================
T/V                N    NB     P     Q               Time                 Gflops
--------------------------------------------------------------------------------
WR00L2C4          64   256     2     1               0.03             6.9945e-03
HPL_pdgesv() start time Tue Dec 20 23:40:57 2022

HPL_pdgesv() end time   Tue Dec 20 23:40:57 2022

--------------------------------------------------------------------------------
||Ax-b||_oo/(eps*(||A||_oo*||x||_oo+||b||_oo)*N)=   1.59433639e-02 ...... PASSED
================================================================================
T/V                N    NB     P     Q               Time                 Gflops
--------------------------------------------------------------------------------
WR00L2R2          64   256     2     1               0.03             6.9872e-03
HPL_pdgesv() start time Tue Dec 20 23:40:57 2022

HPL_pdgesv() end time   Tue Dec 20 23:40:57 2022

--------------------------------------------------------------------------------
||Ax-b||_oo/(eps*(||A||_oo*||x||_oo+||b||_oo)*N)=   2.00817807e-02 ...... PASSED
================================================================================
T/V                N    NB     P     Q               Time                 Gflops
--------------------------------------------------------------------------------
WR00L2R4          64   256     2     1               0.01             1.3551e-02
HPL_pdgesv() start time Tue Dec 20 23:40:57 2022

HPL_pdgesv() end time   Tue Dec 20 23:40:57 2022

--------------------------------------------------------------------------------
||Ax-b||_oo/(eps*(||A||_oo*||x||_oo+||b||_oo)*N)=   1.59433639e-02 ...... PASSED
================================================================================
T/V                N    NB     P     Q               Time                 Gflops
--------------------------------------------------------------------------------
WR00C2L2          64   256     2     1               0.01             1.2730e-02
HPL_pdgesv() start time Tue Dec 20 23:40:57 2022

HPL_pdgesv() end time   Tue Dec 20 23:40:57 2022

--------------------------------------------------------------------------------
||Ax-b||_oo/(eps*(||A||_oo*||x||_oo+||b||_oo)*N)=   2.00817807e-02 ...... PASSED
================================================================================
T/V                N    NB     P     Q               Time                 Gflops
--------------------------------------------------------------------------------
WR00C2L4          64   256     2     1               0.01             1.9897e-02
HPL_pdgesv() start time Tue Dec 20 23:40:57 2022

HPL_pdgesv() end time   Tue Dec 20 23:40:57 2022

--------------------------------------------------------------------------------
||Ax-b||_oo/(eps*(||A||_oo*||x||_oo+||b||_oo)*N)=   1.88091860e-02 ...... PASSED
================================================================================
T/V                N    NB     P     Q               Time                 Gflops
--------------------------------------------------------------------------------
WR00C2C2          64   256     2     1               0.01             1.5147e-02
HPL_pdgesv() start time Tue Dec 20 23:40:57 2022

HPL_pdgesv() end time   Tue Dec 20 23:40:57 2022

--------------------------------------------------------------------------------
||Ax-b||_oo/(eps*(||A||_oo*||x||_oo+||b||_oo)*N)=   2.00817807e-02 ...... PASSED
================================================================================
T/V                N    NB     P     Q               Time                 Gflops
--------------------------------------------------------------------------------
WR00C2C4          64   256     2     1               0.01             1.9430e-02
HPL_pdgesv() start time Tue Dec 20 23:40:57 2022

HPL_pdgesv() end time   Tue Dec 20 23:40:57 2022

--------------------------------------------------------------------------------
||Ax-b||_oo/(eps*(||A||_oo*||x||_oo+||b||_oo)*N)=   1.59433639e-02 ...... PASSED
================================================================================
T/V                N    NB     P     Q               Time                 Gflops
--------------------------------------------------------------------------------
WR00C2R2          64   256     2     1               0.01             1.5477e-02
HPL_pdgesv() start time Tue Dec 20 23:40:57 2022

HPL_pdgesv() end time   Tue Dec 20 23:40:57 2022

--------------------------------------------------------------------------------
||Ax-b||_oo/(eps*(||A||_oo*||x||_oo+||b||_oo)*N)=   2.00817807e-02 ...... PASSED
================================================================================
T/V                N    NB     P     Q               Time                 Gflops
--------------------------------------------------------------------------------
WR00C2R4          64   256     2     1               0.01             1.2658e-02
HPL_pdgesv() start time Tue Dec 20 23:40:57 2022

HPL_pdgesv() end time   Tue Dec 20 23:40:57 2022

--------------------------------------------------------------------------------
||Ax-b||_oo/(eps*(||A||_oo*||x||_oo+||b||_oo)*N)=   1.59433639e-02 ...... PASSED
================================================================================
T/V                N    NB     P     Q               Time                 Gflops
--------------------------------------------------------------------------------
WR00R2L2          64   256     2     1               0.02             1.1863e-02
HPL_pdgesv() start time Tue Dec 20 23:40:57 2022

HPL_pdgesv() end time   Tue Dec 20 23:40:58 2022

--------------------------------------------------------------------------------
||Ax-b||_oo/(eps*(||A||_oo*||x||_oo+||b||_oo)*N)=   2.00817807e-02 ...... PASSED
================================================================================
T/V                N    NB     P     Q               Time                 Gflops
--------------------------------------------------------------------------------
WR00R2L4          64   256     2     1               0.02             7.2906e-03
HPL_pdgesv() start time Tue Dec 20 23:40:58 2022

HPL_pdgesv() end time   Tue Dec 20 23:40:58 2022

--------------------------------------------------------------------------------
||Ax-b||_oo/(eps*(||A||_oo*||x||_oo+||b||_oo)*N)=   1.88091860e-02 ...... PASSED
================================================================================
T/V                N    NB     P     Q               Time                 Gflops
--------------------------------------------------------------------------------
WR00R2C2          64   256     2     1               0.03             6.5497e-03
HPL_pdgesv() start time Tue Dec 20 23:40:58 2022

HPL_pdgesv() end time   Tue Dec 20 23:40:58 2022

--------------------------------------------------------------------------------
||Ax-b||_oo/(eps*(||A||_oo*||x||_oo+||b||_oo)*N)=   2.00817807e-02 ...... PASSED
================================================================================
T/V                N    NB     P     Q               Time                 Gflops
--------------------------------------------------------------------------------
WR00R2C4          64   256     2     1               0.02             1.1946e-02
HPL_pdgesv() start time Tue Dec 20 23:40:58 2022

HPL_pdgesv() end time   Tue Dec 20 23:40:58 2022

--------------------------------------------------------------------------------
||Ax-b||_oo/(eps*(||A||_oo*||x||_oo+||b||_oo)*N)=   1.59433639e-02 ...... PASSED
================================================================================
T/V                N    NB     P     Q               Time                 Gflops
--------------------------------------------------------------------------------
WR00R2R2          64   256     2     1               0.02             1.1807e-02
HPL_pdgesv() start time Tue Dec 20 23:40:58 2022

HPL_pdgesv() end time   Tue Dec 20 23:40:58 2022

--------------------------------------------------------------------------------
||Ax-b||_oo/(eps*(||A||_oo*||x||_oo+||b||_oo)*N)=   2.00817807e-02 ...... PASSED
================================================================================
T/V                N    NB     P     Q               Time                 Gflops
--------------------------------------------------------------------------------
WR00R2R4          64   256     2     1               0.03             6.2229e-03
HPL_pdgesv() start time Tue Dec 20 23:40:58 2022

HPL_pdgesv() end time   Tue Dec 20 23:40:58 2022

--------------------------------------------------------------------------------
||Ax-b||_oo/(eps*(||A||_oo*||x||_oo+||b||_oo)*N)=   1.59433639e-02 ...... PASSED
================================================================================
T/V                N    NB     P     Q               Time                 Gflops
--------------------------------------------------------------------------------
WR00L2L2          64   256     4     2               0.14             1.3001e-03
HPL_pdgesv() start time Tue Dec 20 23:40:58 2022

HPL_pdgesv() end time   Tue Dec 20 23:40:58 2022

--------------------------------------------------------------------------------
||Ax-b||_oo/(eps*(||A||_oo*||x||_oo+||b||_oo)*N)=   2.00817807e-02 ...... PASSED
================================================================================
T/V                N    NB     P     Q               Time                 Gflops
--------------------------------------------------------------------------------
WR00L2L4          64   256     4     2               0.09             2.0595e-03
HPL_pdgesv() start time Tue Dec 20 23:40:58 2022

HPL_pdgesv() end time   Tue Dec 20 23:40:58 2022

--------------------------------------------------------------------------------
||Ax-b||_oo/(eps*(||A||_oo*||x||_oo+||b||_oo)*N)=   1.88091860e-02 ...... PASSED
================================================================================
T/V                N    NB     P     Q               Time                 Gflops
--------------------------------------------------------------------------------
WR00L2C2          64   256     4     2               0.11             1.5867e-03
HPL_pdgesv() start time Tue Dec 20 23:40:58 2022

HPL_pdgesv() end time   Tue Dec 20 23:40:58 2022

--------------------------------------------------------------------------------
||Ax-b||_oo/(eps*(||A||_oo*||x||_oo+||b||_oo)*N)=   2.00817807e-02 ...... PASSED
================================================================================
T/V                N    NB     P     Q               Time                 Gflops
--------------------------------------------------------------------------------
WR00L2C4          64   256     4     2               0.16             1.1071e-03
HPL_pdgesv() start time Tue Dec 20 23:40:58 2022

HPL_pdgesv() end time   Tue Dec 20 23:40:58 2022

--------------------------------------------------------------------------------
||Ax-b||_oo/(eps*(||A||_oo*||x||_oo+||b||_oo)*N)=   1.59433639e-02 ...... PASSED
================================================================================
T/V                N    NB     P     Q               Time                 Gflops
--------------------------------------------------------------------------------
WR00L2R2          64   256     4     2               0.09             1.9947e-03
HPL_pdgesv() start time Tue Dec 20 23:40:58 2022

HPL_pdgesv() end time   Tue Dec 20 23:40:58 2022

--------------------------------------------------------------------------------
||Ax-b||_oo/(eps*(||A||_oo*||x||_oo+||b||_oo)*N)=   2.00817807e-02 ...... PASSED
================================================================================
T/V                N    NB     P     Q               Time                 Gflops
--------------------------------------------------------------------------------
WR00L2R4          64   256     4     2               0.11             1.6299e-03
HPL_pdgesv() start time Tue Dec 20 23:40:58 2022

HPL_pdgesv() end time   Tue Dec 20 23:40:59 2022

--------------------------------------------------------------------------------
||Ax-b||_oo/(eps*(||A||_oo*||x||_oo+||b||_oo)*N)=   1.59433639e-02 ...... PASSED
================================================================================
T/V                N    NB     P     Q               Time                 Gflops
--------------------------------------------------------------------------------
WR00C2L2          64   256     4     2               0.11             1.6407e-03
HPL_pdgesv() start time Tue Dec 20 23:40:59 2022

HPL_pdgesv() end time   Tue Dec 20 23:40:59 2022

--------------------------------------------------------------------------------
||Ax-b||_oo/(eps*(||A||_oo*||x||_oo+||b||_oo)*N)=   2.00817807e-02 ...... PASSED
================================================================================
T/V                N    NB     P     Q               Time                 Gflops
--------------------------------------------------------------------------------
WR00C2L4          64   256     4     2               0.17             1.0834e-03
HPL_pdgesv() start time Tue Dec 20 23:40:59 2022

HPL_pdgesv() end time   Tue Dec 20 23:40:59 2022

--------------------------------------------------------------------------------
||Ax-b||_oo/(eps*(||A||_oo*||x||_oo+||b||_oo)*N)=   1.88091860e-02 ...... PASSED
================================================================================
T/V                N    NB     P     Q               Time                 Gflops
--------------------------------------------------------------------------------
WR00C2C2          64   256     4     2               0.15             1.2416e-03
HPL_pdgesv() start time Tue Dec 20 23:40:59 2022

HPL_pdgesv() end time   Tue Dec 20 23:40:59 2022

--------------------------------------------------------------------------------
||Ax-b||_oo/(eps*(||A||_oo*||x||_oo+||b||_oo)*N)=   2.00817807e-02 ...... PASSED
================================================================================
T/V                N    NB     P     Q               Time                 Gflops
--------------------------------------------------------------------------------
WR00C2C4          64   256     4     2               0.12             1.4700e-03
HPL_pdgesv() start time Tue Dec 20 23:40:59 2022

HPL_pdgesv() end time   Tue Dec 20 23:40:59 2022

--------------------------------------------------------------------------------
||Ax-b||_oo/(eps*(||A||_oo*||x||_oo+||b||_oo)*N)=   1.59433639e-02 ...... PASSED
================================================================================
T/V                N    NB     P     Q               Time                 Gflops
--------------------------------------------------------------------------------
WR00C2R2          64   256     4     2               0.13             1.3848e-03
HPL_pdgesv() start time Tue Dec 20 23:41:00 2022

HPL_pdgesv() end time   Tue Dec 20 23:41:00 2022

--------------------------------------------------------------------------------
||Ax-b||_oo/(eps*(||A||_oo*||x||_oo+||b||_oo)*N)=   2.00817807e-02 ...... PASSED
================================================================================
T/V                N    NB     P     Q               Time                 Gflops
--------------------------------------------------------------------------------
WR00C2R4          64   256     4     2               0.13             1.3876e-03
HPL_pdgesv() start time Tue Dec 20 23:41:00 2022

HPL_pdgesv() end time   Tue Dec 20 23:41:00 2022

--------------------------------------------------------------------------------
||Ax-b||_oo/(eps*(||A||_oo*||x||_oo+||b||_oo)*N)=   1.59433639e-02 ...... PASSED
================================================================================
T/V                N    NB     P     Q               Time                 Gflops
--------------------------------------------------------------------------------
WR00R2L2          64   256     4     2               0.08             2.2180e-03
HPL_pdgesv() start time Tue Dec 20 23:41:00 2022

HPL_pdgesv() end time   Tue Dec 20 23:41:00 2022

--------------------------------------------------------------------------------
||Ax-b||_oo/(eps*(||A||_oo*||x||_oo+||b||_oo)*N)=   2.00817807e-02 ...... PASSED
================================================================================
T/V                N    NB     P     Q               Time                 Gflops
--------------------------------------------------------------------------------
WR00R2L4          64   256     4     2               0.23             7.8201e-04
HPL_pdgesv() start time Tue Dec 20 23:41:00 2022

HPL_pdgesv() end time   Tue Dec 20 23:41:00 2022

--------------------------------------------------------------------------------
||Ax-b||_oo/(eps*(||A||_oo*||x||_oo+||b||_oo)*N)=   1.88091860e-02 ...... PASSED
================================================================================
T/V                N    NB     P     Q               Time                 Gflops
--------------------------------------------------------------------------------
WR00R2C2          64   256     4     2               0.10             1.8289e-03
HPL_pdgesv() start time Tue Dec 20 23:41:00 2022

HPL_pdgesv() end time   Tue Dec 20 23:41:00 2022

--------------------------------------------------------------------------------
||Ax-b||_oo/(eps*(||A||_oo*||x||_oo+||b||_oo)*N)=   2.00817807e-02 ...... PASSED
================================================================================
T/V                N    NB     P     Q               Time                 Gflops
--------------------------------------------------------------------------------
WR00R2C4          64   256     4     2               0.09             1.9165e-03
HPL_pdgesv() start time Tue Dec 20 23:41:01 2022

HPL_pdgesv() end time   Tue Dec 20 23:41:01 2022

--------------------------------------------------------------------------------
||Ax-b||_oo/(eps*(||A||_oo*||x||_oo+||b||_oo)*N)=   1.59433639e-02 ...... PASSED
================================================================================
T/V                N    NB     P     Q               Time                 Gflops
--------------------------------------------------------------------------------
WR00R2R2          64   256     4     2               0.25             7.3026e-04
HPL_pdgesv() start time Tue Dec 20 23:41:01 2022

HPL_pdgesv() end time   Tue Dec 20 23:41:01 2022

--------------------------------------------------------------------------------
||Ax-b||_oo/(eps*(||A||_oo*||x||_oo+||b||_oo)*N)=   2.00817807e-02 ...... PASSED
================================================================================
T/V                N    NB     P     Q               Time                 Gflops
--------------------------------------------------------------------------------
WR00R2R4          64   256     4     2               0.09             2.0935e-03
HPL_pdgesv() start time Tue Dec 20 23:41:01 2022

HPL_pdgesv() end time   Tue Dec 20 23:41:01 2022

--------------------------------------------------------------------------------
||Ax-b||_oo/(eps*(||A||_oo*||x||_oo+||b||_oo)*N)=   1.59433639e-02 ...... PASSED
================================================================================
T/V                N    NB     P     Q               Time                 Gflops
--------------------------------------------------------------------------------
WR00L2L2          64   256     1     3               0.00             7.5472e-02
HPL_pdgesv() start time Tue Dec 20 23:41:01 2022

HPL_pdgesv() end time   Tue Dec 20 23:41:01 2022

--------------------------------------------------------------------------------
||Ax-b||_oo/(eps*(||A||_oo*||x||_oo+||b||_oo)*N)=   2.00817807e-02 ...... PASSED
================================================================================
T/V                N    NB     P     Q               Time                 Gflops
--------------------------------------------------------------------------------
WR00L2L4          64   256     1     3               0.00             5.3627e-02
HPL_pdgesv() start time Tue Dec 20 23:41:01 2022

HPL_pdgesv() end time   Tue Dec 20 23:41:01 2022

--------------------------------------------------------------------------------
||Ax-b||_oo/(eps*(||A||_oo*||x||_oo+||b||_oo)*N)=   1.88091860e-02 ...... PASSED
================================================================================
T/V                N    NB     P     Q               Time                 Gflops
--------------------------------------------------------------------------------
WR00L2C2          64   256     1     3               0.00             5.3354e-02
HPL_pdgesv() start time Tue Dec 20 23:41:01 2022

HPL_pdgesv() end time   Tue Dec 20 23:41:01 2022

--------------------------------------------------------------------------------
||Ax-b||_oo/(eps*(||A||_oo*||x||_oo+||b||_oo)*N)=   2.00817807e-02 ...... PASSED
================================================================================
T/V                N    NB     P     Q               Time                 Gflops
--------------------------------------------------------------------------------
WR00L2C4          64   256     1     3               0.00             6.3639e-02
HPL_pdgesv() start time Tue Dec 20 23:41:01 2022

HPL_pdgesv() end time   Tue Dec 20 23:41:01 2022

--------------------------------------------------------------------------------
||Ax-b||_oo/(eps*(||A||_oo*||x||_oo+||b||_oo)*N)=   1.59433639e-02 ...... PASSED
================================================================================
T/V                N    NB     P     Q               Time                 Gflops
--------------------------------------------------------------------------------
WR00L2R2          64   256     1     3               0.00             6.6861e-02
HPL_pdgesv() start time Tue Dec 20 23:41:01 2022

HPL_pdgesv() end time   Tue Dec 20 23:41:01 2022

--------------------------------------------------------------------------------
||Ax-b||_oo/(eps*(||A||_oo*||x||_oo+||b||_oo)*N)=   2.00817807e-02 ...... PASSED
================================================================================
T/V                N    NB     P     Q               Time                 Gflops
--------------------------------------------------------------------------------
WR00L2R4          64   256     1     3               0.00             7.2429e-02
HPL_pdgesv() start time Tue Dec 20 23:41:01 2022

HPL_pdgesv() end time   Tue Dec 20 23:41:01 2022

--------------------------------------------------------------------------------
||Ax-b||_oo/(eps*(||A||_oo*||x||_oo+||b||_oo)*N)=   1.59433639e-02 ...... PASSED
================================================================================
T/V                N    NB     P     Q               Time                 Gflops
--------------------------------------------------------------------------------
WR00C2L2          64   256     1     3               0.00             5.9433e-02
HPL_pdgesv() start time Tue Dec 20 23:41:01 2022

HPL_pdgesv() end time   Tue Dec 20 23:41:01 2022

--------------------------------------------------------------------------------
||Ax-b||_oo/(eps*(||A||_oo*||x||_oo+||b||_oo)*N)=   2.00817807e-02 ...... PASSED
================================================================================
T/V                N    NB     P     Q               Time                 Gflops
--------------------------------------------------------------------------------
WR00C2L4          64   256     1     3               0.00             5.0369e-02
HPL_pdgesv() start time Tue Dec 20 23:41:01 2022

HPL_pdgesv() end time   Tue Dec 20 23:41:01 2022

--------------------------------------------------------------------------------
||Ax-b||_oo/(eps*(||A||_oo*||x||_oo+||b||_oo)*N)=   1.88091860e-02 ...... PASSED
================================================================================
T/V                N    NB     P     Q               Time                 Gflops
--------------------------------------------------------------------------------
WR00C2C2          64   256     1     3               0.00             5.3403e-02
HPL_pdgesv() start time Tue Dec 20 23:41:01 2022

HPL_pdgesv() end time   Tue Dec 20 23:41:01 2022

--------------------------------------------------------------------------------
||Ax-b||_oo/(eps*(||A||_oo*||x||_oo+||b||_oo)*N)=   2.00817807e-02 ...... PASSED
================================================================================
T/V                N    NB     P     Q               Time                 Gflops
--------------------------------------------------------------------------------
WR00C2C4          64   256     1     3               0.00             5.5636e-02
HPL_pdgesv() start time Tue Dec 20 23:41:01 2022

HPL_pdgesv() end time   Tue Dec 20 23:41:01 2022

--------------------------------------------------------------------------------
||Ax-b||_oo/(eps*(||A||_oo*||x||_oo+||b||_oo)*N)=   1.59433639e-02 ...... PASSED
================================================================================
T/V                N    NB     P     Q               Time                 Gflops
--------------------------------------------------------------------------------
WR00C2R2          64   256     1     3               0.00             8.1626e-02
HPL_pdgesv() start time Tue Dec 20 23:41:01 2022

HPL_pdgesv() end time   Tue Dec 20 23:41:01 2022

--------------------------------------------------------------------------------
||Ax-b||_oo/(eps*(||A||_oo*||x||_oo+||b||_oo)*N)=   2.00817807e-02 ...... PASSED
================================================================================
T/V                N    NB     P     Q               Time                 Gflops
--------------------------------------------------------------------------------
WR00C2R4          64   256     1     3               0.00             5.5870e-02
HPL_pdgesv() start time Tue Dec 20 23:41:01 2022

HPL_pdgesv() end time   Tue Dec 20 23:41:01 2022

--------------------------------------------------------------------------------
||Ax-b||_oo/(eps*(||A||_oo*||x||_oo+||b||_oo)*N)=   1.59433639e-02 ...... PASSED
================================================================================
T/V                N    NB     P     Q               Time                 Gflops
--------------------------------------------------------------------------------
WR00R2L2          64   256     1     3               0.01             1.6900e-02
HPL_pdgesv() start time Tue Dec 20 23:41:02 2022

HPL_pdgesv() end time   Tue Dec 20 23:41:02 2022

--------------------------------------------------------------------------------
||Ax-b||_oo/(eps*(||A||_oo*||x||_oo+||b||_oo)*N)=   2.00817807e-02 ...... PASSED
================================================================================
T/V                N    NB     P     Q               Time                 Gflops
--------------------------------------------------------------------------------
WR00R2L4          64   256     1     3               0.00             4.9059e-02
HPL_pdgesv() start time Tue Dec 20 23:41:02 2022

HPL_pdgesv() end time   Tue Dec 20 23:41:02 2022

--------------------------------------------------------------------------------
||Ax-b||_oo/(eps*(||A||_oo*||x||_oo+||b||_oo)*N)=   1.88091860e-02 ...... PASSED
================================================================================
T/V                N    NB     P     Q               Time                 Gflops
--------------------------------------------------------------------------------
WR00R2C2          64   256     1     3               0.01             1.2192e-02
HPL_pdgesv() start time Tue Dec 20 23:41:02 2022

HPL_pdgesv() end time   Tue Dec 20 23:41:02 2022

--------------------------------------------------------------------------------
||Ax-b||_oo/(eps*(||A||_oo*||x||_oo+||b||_oo)*N)=   2.00817807e-02 ...... PASSED
================================================================================
T/V                N    NB     P     Q               Time                 Gflops
--------------------------------------------------------------------------------
WR00R2C4          64   256     1     3               0.02             1.1410e-02
HPL_pdgesv() start time Tue Dec 20 23:41:02 2022

HPL_pdgesv() end time   Tue Dec 20 23:41:02 2022

--------------------------------------------------------------------------------
||Ax-b||_oo/(eps*(||A||_oo*||x||_oo+||b||_oo)*N)=   1.59433639e-02 ...... PASSED
================================================================================
T/V                N    NB     P     Q               Time                 Gflops
--------------------------------------------------------------------------------
WR00R2R2          64   256     1     3               0.01             1.4039e-02
HPL_pdgesv() start time Tue Dec 20 23:41:02 2022

HPL_pdgesv() end time   Tue Dec 20 23:41:02 2022

--------------------------------------------------------------------------------
||Ax-b||_oo/(eps*(||A||_oo*||x||_oo+||b||_oo)*N)=   2.00817807e-02 ...... PASSED
================================================================================
T/V                N    NB     P     Q               Time                 Gflops
--------------------------------------------------------------------------------
WR00R2R4          64   256     1     3               0.00             6.9569e-02
HPL_pdgesv() start time Tue Dec 20 23:41:02 2022

HPL_pdgesv() end time   Tue Dec 20 23:41:02 2022

--------------------------------------------------------------------------------
||Ax-b||_oo/(eps*(||A||_oo*||x||_oo+||b||_oo)*N)=   1.59433639e-02 ...... PASSED
================================================================================
T/V                N    NB     P     Q               Time                 Gflops
--------------------------------------------------------------------------------
WR00L2L2          64   256     1     5               0.02             8.6474e-03
HPL_pdgesv() start time Tue Dec 20 23:41:02 2022

HPL_pdgesv() end time   Tue Dec 20 23:41:02 2022

--------------------------------------------------------------------------------
||Ax-b||_oo/(eps*(||A||_oo*||x||_oo+||b||_oo)*N)=   2.00817807e-02 ...... PASSED
================================================================================
T/V                N    NB     P     Q               Time                 Gflops
--------------------------------------------------------------------------------
WR00L2L4          64   256     1     5               0.01             1.6485e-02
HPL_pdgesv() start time Tue Dec 20 23:41:02 2022

HPL_pdgesv() end time   Tue Dec 20 23:41:02 2022

--------------------------------------------------------------------------------
||Ax-b||_oo/(eps*(||A||_oo*||x||_oo+||b||_oo)*N)=   1.88091860e-02 ...... PASSED
================================================================================
T/V                N    NB     P     Q               Time                 Gflops
--------------------------------------------------------------------------------
WR00L2C2          64   256     1     5               0.01             1.3064e-02
HPL_pdgesv() start time Tue Dec 20 23:41:02 2022

HPL_pdgesv() end time   Tue Dec 20 23:41:02 2022

--------------------------------------------------------------------------------
||Ax-b||_oo/(eps*(||A||_oo*||x||_oo+||b||_oo)*N)=   2.00817807e-02 ...... PASSED
================================================================================
T/V                N    NB     P     Q               Time                 Gflops
--------------------------------------------------------------------------------
WR00L2C4          64   256     1     5               0.00             4.6035e-02
HPL_pdgesv() start time Tue Dec 20 23:41:02 2022

HPL_pdgesv() end time   Tue Dec 20 23:41:02 2022

--------------------------------------------------------------------------------
||Ax-b||_oo/(eps*(||A||_oo*||x||_oo+||b||_oo)*N)=   1.59433639e-02 ...... PASSED
================================================================================
T/V                N    NB     P     Q               Time                 Gflops
--------------------------------------------------------------------------------
WR00L2R2          64   256     1     5               0.02             9.4158e-03
HPL_pdgesv() start time Tue Dec 20 23:41:02 2022

HPL_pdgesv() end time   Tue Dec 20 23:41:02 2022

--------------------------------------------------------------------------------
||Ax-b||_oo/(eps*(||A||_oo*||x||_oo+||b||_oo)*N)=   2.00817807e-02 ...... PASSED
================================================================================
T/V                N    NB     P     Q               Time                 Gflops
--------------------------------------------------------------------------------
WR00L2R4          64   256     1     5               0.02             8.3756e-03
HPL_pdgesv() start time Tue Dec 20 23:41:02 2022

HPL_pdgesv() end time   Tue Dec 20 23:41:02 2022

--------------------------------------------------------------------------------
||Ax-b||_oo/(eps*(||A||_oo*||x||_oo+||b||_oo)*N)=   1.59433639e-02 ...... PASSED
================================================================================
T/V                N    NB     P     Q               Time                 Gflops
--------------------------------------------------------------------------------
WR00C2L2          64   256     1     5               0.02             7.4073e-03
HPL_pdgesv() start time Tue Dec 20 23:41:03 2022

HPL_pdgesv() end time   Tue Dec 20 23:41:03 2022

--------------------------------------------------------------------------------
||Ax-b||_oo/(eps*(||A||_oo*||x||_oo+||b||_oo)*N)=   2.00817807e-02 ...... PASSED
================================================================================
T/V                N    NB     P     Q               Time                 Gflops
--------------------------------------------------------------------------------
WR00C2L4          64   256     1     5               0.02             1.1712e-02
HPL_pdgesv() start time Tue Dec 20 23:41:03 2022

HPL_pdgesv() end time   Tue Dec 20 23:41:03 2022

--------------------------------------------------------------------------------
||Ax-b||_oo/(eps*(||A||_oo*||x||_oo+||b||_oo)*N)=   1.88091860e-02 ...... PASSED
================================================================================
T/V                N    NB     P     Q               Time                 Gflops
--------------------------------------------------------------------------------
WR00C2C2          64   256     1     5               0.02             1.1400e-02
HPL_pdgesv() start time Tue Dec 20 23:41:03 2022

HPL_pdgesv() end time   Tue Dec 20 23:41:03 2022

--------------------------------------------------------------------------------
||Ax-b||_oo/(eps*(||A||_oo*||x||_oo+||b||_oo)*N)=   2.00817807e-02 ...... PASSED
================================================================================
T/V                N    NB     P     Q               Time                 Gflops
--------------------------------------------------------------------------------
WR00C2C4          64   256     1     5               0.01             1.4484e-02
HPL_pdgesv() start time Tue Dec 20 23:41:03 2022

HPL_pdgesv() end time   Tue Dec 20 23:41:03 2022

--------------------------------------------------------------------------------
||Ax-b||_oo/(eps*(||A||_oo*||x||_oo+||b||_oo)*N)=   1.59433639e-02 ...... PASSED
================================================================================
T/V                N    NB     P     Q               Time                 Gflops
--------------------------------------------------------------------------------
WR00C2R2          64   256     1     5               0.01             1.6653e-02
HPL_pdgesv() start time Tue Dec 20 23:41:03 2022

HPL_pdgesv() end time   Tue Dec 20 23:41:03 2022

--------------------------------------------------------------------------------
||Ax-b||_oo/(eps*(||A||_oo*||x||_oo+||b||_oo)*N)=   2.00817807e-02 ...... PASSED
================================================================================
T/V                N    NB     P     Q               Time                 Gflops
--------------------------------------------------------------------------------
WR00C2R4          64   256     1     5               0.04             4.8020e-03
HPL_pdgesv() start time Tue Dec 20 23:41:03 2022

HPL_pdgesv() end time   Tue Dec 20 23:41:03 2022

--------------------------------------------------------------------------------
||Ax-b||_oo/(eps*(||A||_oo*||x||_oo+||b||_oo)*N)=   1.59433639e-02 ...... PASSED
================================================================================
T/V                N    NB     P     Q               Time                 Gflops
--------------------------------------------------------------------------------
WR00R2L2          64   256     1     5               0.02             1.1714e-02
HPL_pdgesv() start time Tue Dec 20 23:41:03 2022

HPL_pdgesv() end time   Tue Dec 20 23:41:03 2022

--------------------------------------------------------------------------------
||Ax-b||_oo/(eps*(||A||_oo*||x||_oo+||b||_oo)*N)=   2.00817807e-02 ...... PASSED
================================================================================
T/V                N    NB     P     Q               Time                 Gflops
--------------------------------------------------------------------------------
WR00R2L4          64   256     1     5               0.01             3.5868e-02
HPL_pdgesv() start time Tue Dec 20 23:41:03 2022

HPL_pdgesv() end time   Tue Dec 20 23:41:03 2022

--------------------------------------------------------------------------------
||Ax-b||_oo/(eps*(||A||_oo*||x||_oo+||b||_oo)*N)=   1.88091860e-02 ...... PASSED
================================================================================
T/V                N    NB     P     Q               Time                 Gflops
--------------------------------------------------------------------------------
WR00R2C2          64   256     1     5               0.02             1.0940e-02
HPL_pdgesv() start time Tue Dec 20 23:41:03 2022

HPL_pdgesv() end time   Tue Dec 20 23:41:03 2022

--------------------------------------------------------------------------------
||Ax-b||_oo/(eps*(||A||_oo*||x||_oo+||b||_oo)*N)=   2.00817807e-02 ...... PASSED
================================================================================
T/V                N    NB     P     Q               Time                 Gflops
--------------------------------------------------------------------------------
WR00R2C4          64   256     1     5               0.03             6.5122e-03
HPL_pdgesv() start time Tue Dec 20 23:41:03 2022

HPL_pdgesv() end time   Tue Dec 20 23:41:03 2022

--------------------------------------------------------------------------------
||Ax-b||_oo/(eps*(||A||_oo*||x||_oo+||b||_oo)*N)=   1.59433639e-02 ...... PASSED
================================================================================
T/V                N    NB     P     Q               Time                 Gflops
--------------------------------------------------------------------------------
WR00R2R2          64   256     1     5               0.03             6.5155e-03
HPL_pdgesv() start time Tue Dec 20 23:41:03 2022

HPL_pdgesv() end time   Tue Dec 20 23:41:03 2022

--------------------------------------------------------------------------------
||Ax-b||_oo/(eps*(||A||_oo*||x||_oo+||b||_oo)*N)=   2.00817807e-02 ...... PASSED
================================================================================
T/V                N    NB     P     Q               Time                 Gflops
--------------------------------------------------------------------------------
WR00R2R4          64   256     1     5               0.02             1.1129e-02
HPL_pdgesv() start time Tue Dec 20 23:41:03 2022

HPL_pdgesv() end time   Tue Dec 20 23:41:03 2022

--------------------------------------------------------------------------------
||Ax-b||_oo/(eps*(||A||_oo*||x||_oo+||b||_oo)*N)=   1.59433639e-02 ...... PASSED
================================================================================
T/V                N    NB     P     Q               Time                 Gflops
--------------------------------------------------------------------------------
WR00L2L2          64   256     2     3               0.02             1.0182e-02
HPL_pdgesv() start time Tue Dec 20 23:41:04 2022

HPL_pdgesv() end time   Tue Dec 20 23:41:04 2022

--------------------------------------------------------------------------------
||Ax-b||_oo/(eps*(||A||_oo*||x||_oo+||b||_oo)*N)=   2.00817807e-02 ...... PASSED
================================================================================
T/V                N    NB     P     Q               Time                 Gflops
--------------------------------------------------------------------------------
WR00L2L4          64   256     2     3               0.02             1.0004e-02
HPL_pdgesv() start time Tue Dec 20 23:41:04 2022

HPL_pdgesv() end time   Tue Dec 20 23:41:04 2022

--------------------------------------------------------------------------------
||Ax-b||_oo/(eps*(||A||_oo*||x||_oo+||b||_oo)*N)=   1.88091860e-02 ...... PASSED
================================================================================
T/V                N    NB     P     Q               Time                 Gflops
--------------------------------------------------------------------------------
WR00L2C2          64   256     2     3               0.05             3.8546e-03
HPL_pdgesv() start time Tue Dec 20 23:41:04 2022

HPL_pdgesv() end time   Tue Dec 20 23:41:04 2022

--------------------------------------------------------------------------------
||Ax-b||_oo/(eps*(||A||_oo*||x||_oo+||b||_oo)*N)=   2.00817807e-02 ...... PASSED
================================================================================
T/V                N    NB     P     Q               Time                 Gflops
--------------------------------------------------------------------------------
WR00L2C4          64   256     2     3               0.03             5.9480e-03
HPL_pdgesv() start time Tue Dec 20 23:41:04 2022

HPL_pdgesv() end time   Tue Dec 20 23:41:04 2022

--------------------------------------------------------------------------------
||Ax-b||_oo/(eps*(||A||_oo*||x||_oo+||b||_oo)*N)=   1.59433639e-02 ...... PASSED
================================================================================
T/V                N    NB     P     Q               Time                 Gflops
--------------------------------------------------------------------------------
WR00L2R2          64   256     2     3               0.03             7.0239e-03
HPL_pdgesv() start time Tue Dec 20 23:41:04 2022

HPL_pdgesv() end time   Tue Dec 20 23:41:04 2022

--------------------------------------------------------------------------------
||Ax-b||_oo/(eps*(||A||_oo*||x||_oo+||b||_oo)*N)=   2.00817807e-02 ...... PASSED
================================================================================
T/V                N    NB     P     Q               Time                 Gflops
--------------------------------------------------------------------------------
WR00L2R4          64   256     2     3               0.02             7.7889e-03
HPL_pdgesv() start time Tue Dec 20 23:41:04 2022

HPL_pdgesv() end time   Tue Dec 20 23:41:04 2022

--------------------------------------------------------------------------------
||Ax-b||_oo/(eps*(||A||_oo*||x||_oo+||b||_oo)*N)=   1.59433639e-02 ...... PASSED
================================================================================
T/V                N    NB     P     Q               Time                 Gflops
--------------------------------------------------------------------------------
WR00C2L2          64   256     2     3               0.05             3.8404e-03
HPL_pdgesv() start time Tue Dec 20 23:41:04 2022

HPL_pdgesv() end time   Tue Dec 20 23:41:04 2022

--------------------------------------------------------------------------------
||Ax-b||_oo/(eps*(||A||_oo*||x||_oo+||b||_oo)*N)=   2.00817807e-02 ...... PASSED
================================================================================
T/V                N    NB     P     Q               Time                 Gflops
--------------------------------------------------------------------------------
WR00C2L4          64   256     2     3               0.02             8.7435e-03
HPL_pdgesv() start time Tue Dec 20 23:41:04 2022

HPL_pdgesv() end time   Tue Dec 20 23:41:04 2022

--------------------------------------------------------------------------------
||Ax-b||_oo/(eps*(||A||_oo*||x||_oo+||b||_oo)*N)=   1.88091860e-02 ...... PASSED
================================================================================
T/V                N    NB     P     Q               Time                 Gflops
--------------------------------------------------------------------------------
WR00C2C2          64   256     2     3               0.04             5.0981e-03
HPL_pdgesv() start time Tue Dec 20 23:41:04 2022

HPL_pdgesv() end time   Tue Dec 20 23:41:04 2022

--------------------------------------------------------------------------------
||Ax-b||_oo/(eps*(||A||_oo*||x||_oo+||b||_oo)*N)=   2.00817807e-02 ...... PASSED
================================================================================
T/V                N    NB     P     Q               Time                 Gflops
--------------------------------------------------------------------------------
WR00C2C4          64   256     2     3               0.04             4.6395e-03
HPL_pdgesv() start time Tue Dec 20 23:41:04 2022

HPL_pdgesv() end time   Tue Dec 20 23:41:04 2022

--------------------------------------------------------------------------------
||Ax-b||_oo/(eps*(||A||_oo*||x||_oo+||b||_oo)*N)=   1.59433639e-02 ...... PASSED
================================================================================
T/V                N    NB     P     Q               Time                 Gflops
--------------------------------------------------------------------------------
WR00C2R2          64   256     2     3               0.05             3.9032e-03
HPL_pdgesv() start time Tue Dec 20 23:41:04 2022

HPL_pdgesv() end time   Tue Dec 20 23:41:05 2022

--------------------------------------------------------------------------------
||Ax-b||_oo/(eps*(||A||_oo*||x||_oo+||b||_oo)*N)=   2.00817807e-02 ...... PASSED
================================================================================
T/V                N    NB     P     Q               Time                 Gflops
--------------------------------------------------------------------------------
WR00C2R4          64   256     2     3               0.02             9.4717e-03
HPL_pdgesv() start time Tue Dec 20 23:41:05 2022

HPL_pdgesv() end time   Tue Dec 20 23:41:05 2022

--------------------------------------------------------------------------------
||Ax-b||_oo/(eps*(||A||_oo*||x||_oo+||b||_oo)*N)=   1.59433639e-02 ...... PASSED
================================================================================
T/V                N    NB     P     Q               Time                 Gflops
--------------------------------------------------------------------------------
WR00R2L2          64   256     2     3               0.02             1.0093e-02
HPL_pdgesv() start time Tue Dec 20 23:41:05 2022

HPL_pdgesv() end time   Tue Dec 20 23:41:05 2022

--------------------------------------------------------------------------------
||Ax-b||_oo/(eps*(||A||_oo*||x||_oo+||b||_oo)*N)=   2.00817807e-02 ...... PASSED
================================================================================
T/V                N    NB     P     Q               Time                 Gflops
--------------------------------------------------------------------------------
WR00R2L4          64   256     2     3               0.03             6.1691e-03
HPL_pdgesv() start time Tue Dec 20 23:41:05 2022

HPL_pdgesv() end time   Tue Dec 20 23:41:05 2022

--------------------------------------------------------------------------------
||Ax-b||_oo/(eps*(||A||_oo*||x||_oo+||b||_oo)*N)=   1.88091860e-02 ...... PASSED
================================================================================
T/V                N    NB     P     Q               Time                 Gflops
--------------------------------------------------------------------------------
WR00R2C2          64   256     2     3               0.05             3.9173e-03
HPL_pdgesv() start time Tue Dec 20 23:41:05 2022

HPL_pdgesv() end time   Tue Dec 20 23:41:05 2022

--------------------------------------------------------------------------------
||Ax-b||_oo/(eps*(||A||_oo*||x||_oo+||b||_oo)*N)=   2.00817807e-02 ...... PASSED
================================================================================
T/V                N    NB     P     Q               Time                 Gflops
--------------------------------------------------------------------------------
WR00R2C4          64   256     2     3               0.04             4.3038e-03
HPL_pdgesv() start time Tue Dec 20 23:41:05 2022

HPL_pdgesv() end time   Tue Dec 20 23:41:05 2022

--------------------------------------------------------------------------------
||Ax-b||_oo/(eps*(||A||_oo*||x||_oo+||b||_oo)*N)=   1.59433639e-02 ...... PASSED
================================================================================
T/V                N    NB     P     Q               Time                 Gflops
--------------------------------------------------------------------------------
WR00R2R2          64   256     2     3               0.02             7.8476e-03
HPL_pdgesv() start time Tue Dec 20 23:41:05 2022

HPL_pdgesv() end time   Tue Dec 20 23:41:05 2022

--------------------------------------------------------------------------------
||Ax-b||_oo/(eps*(||A||_oo*||x||_oo+||b||_oo)*N)=   2.00817807e-02 ...... PASSED
================================================================================
T/V                N    NB     P     Q               Time                 Gflops
--------------------------------------------------------------------------------
WR00R2R4          64   256     2     3               0.02             1.1063e-02
HPL_pdgesv() start time Tue Dec 20 23:41:05 2022

HPL_pdgesv() end time   Tue Dec 20 23:41:05 2022

--------------------------------------------------------------------------------
||Ax-b||_oo/(eps*(||A||_oo*||x||_oo+||b||_oo)*N)=   1.59433639e-02 ...... PASSED
================================================================================

Finished    144 tests with the following results:
            144 tests completed and passed residual checks,
              0 tests completed and failed residual checks,
              0 tests skipped because of illegal input values.
--------------------------------------------------------------------------------

End of Tests.
================================================================================
